dBASE PLUS Progetto Explorer Log: Translate.log
Nome progetto: Translate

=================================================================
COMPILA processo iniziato: 14/05/2015 16:09:46
dBASE PLUS 9.51  b2426 (11/24/2014-IT141124)
Progetto Explorer b1061 (08/28/2014)
-----------------------------------------------------------------
Risultati compilazione:
C:\DBASE PROJECTS\STRINGHE\WORKING.WFM
0 avvisi, 0 errori

Compilazioni file tentate: 1
File errori di compilazione: 0
files DEO copiati: 0


=================================================================
COMPILA processo iniziato: 14/05/2015 16:10:26
dBASE PLUS 9.51  b2426 (11/24/2014-IT141124)
Progetto Explorer b1061 (08/28/2014)
-----------------------------------------------------------------
Risultati compilazione:
C:\DBASE PROJECTS\STRINGHE\WORKING.WFM
0 avvisi, 0 errori

Compilazioni file tentate: 1
File errori di compilazione: 0
files DEO copiati: 0


=================================================================
COMPILA processo iniziato: 14/05/2015 16:10:29
dBASE PLUS 9.51  b2426 (11/24/2014-IT141124)
Progetto Explorer b1061 (08/28/2014)
-----------------------------------------------------------------
Risultati compilazione:
C:\DBASE PROJECTS\STRINGHE\MAIN.WFM
0 avvisi, 0 errori

Compilazioni file tentate: 1
File errori di compilazione: 0
files DEO copiati: 0


=================================================================
COMPILA processo iniziato: 14/05/2015 17:21:10
dBASE PLUS 9.51  b2426 (11/24/2014-IT141124)
Progetto Explorer b1061 (08/28/2014)
-----------------------------------------------------------------
Risultati compilazione:
C:\DBASE PROJECTS\TRANSLATE\OUTPUTSTRINGS.DMD
0 avvisi, 0 errori

Compilazioni file tentate: 1
File errori di compilazione: 0
files DEO copiati: 0

